DEBUG: Using PostgreSQL
--- Resetting Database for Universal Standard Data ---
Traceback (most recent call last):
  File "P:\EDU-PORTAL\manage.py", line 381, in <module>
    cli()
    ~~~^^
  File "C:\Users\TEST\AppData\Roaming\Python\Python313\site-packages\click\core.py", line 1442, in __call__
    return self.main(*args, **kwargs)
           ~~~~~~~~~^^^^^^^^^^^^^^^^^
  File "C:\Users\TEST\AppData\Roaming\Python\Python313\site-packages\click\core.py", line 1363, in main
    rv = self.invoke(ctx)
  File "C:\Users\TEST\AppData\Roaming\Python\Python313\site-packages\click\core.py", line 1830, in invoke
    return _process_result(sub_ctx.command.invoke(sub_ctx))
                           ~~~~~~~~~~~~~~~~~~~~~~^^^^^^^^^
  File "C:\Users\TEST\AppData\Roaming\Python\Python313\site-packages\click\core.py", line 1226, in invoke
    return ctx.invoke(self.callback, **ctx.params)
           ~~~~~~~~~~^^^^^^^^^^^^^^^^^^^^^^^^^^^^^
  File "C:\Users\TEST\AppData\Roaming\Python\Python313\site-packages\click\core.py", line 794, in invoke
    return callback(*args, **kwargs)
  File "C:\Users\TEST\AppData\Roaming\Python\Python313\site-packages\click\decorators.py", line 34, in new_func
    return f(get_current_context(), *args, **kwargs)
  File "C:\Users\TEST\AppData\Roaming\Python\Python313\site-packages\flask\cli.py", line 400, in decorator
    return ctx.invoke(f, *args, **kwargs)
           ~~~~~~~~~~^^^^^^^^^^^^^^^^^^^^
  File "C:\Users\TEST\AppData\Roaming\Python\Python313\site-packages\click\core.py", line 794, in invoke
    return callback(*args, **kwargs)
  File "P:\EDU-PORTAL\manage.py", line 40, in seed
    db.drop_all()
    ~~~~~~~~~~~^^
  File "C:\Users\TEST\AppData\Roaming\Python\Python313\site-packages\flask_sqlalchemy\extension.py", line 917, in drop_all
    self._call_for_binds(bind_key, "drop_all")
    ~~~~~~~~~~~~~~~~~~~~^^^^^^^^^^^^^^^^^^^^^^
  File "C:\Users\TEST\AppData\Roaming\Python\Python313\site-packages\flask_sqlalchemy\extension.py", line 881, in _call_for_binds
    getattr(metadata, op_name)(bind=engine)
    ~~~~~~~~~~~~~~~~~~~~~~~~~~^^^^^^^^^^^^^
  File "C:\Users\TEST\AppData\Roaming\Python\Python313\site-packages\sqlalchemy\sql\schema.py", line 5956, in drop_all
    bind._run_ddl_visitor(
    ~~~~~~~~~~~~~~~~~~~~~^
        ddl.SchemaDropper, self, checkfirst=checkfirst, tables=tables
        ^^^^^^^^^^^^^^^^^^^^^^^^^^^^^^^^^^^^^^^^^^^^^^^^^^^^^^^^^^^^^
    )
    ^
  File "C:\Users\TEST\AppData\Roaming\Python\Python313\site-packages\sqlalchemy\engine\base.py", line 3260, in _run_ddl_visitor
    conn._run_ddl_visitor(visitorcallable, element, **kwargs)
    ~~~~~~~~~~~~~~~~~~~~~^^^^^^^^^^^^^^^^^^^^^^^^^^^^^^^^^^^^
  File "C:\Users\TEST\AppData\Roaming\Python\Python313\site-packages\sqlalchemy\engine\base.py", line 2467, in _run_ddl_visitor
    ).traverse_single(element)
      ~~~~~~~~~~~~~~~^^^^^^^^^
  File "C:\Users\TEST\AppData\Roaming\Python\Python313\site-packages\sqlalchemy\sql\visitors.py", line 661, in traverse_single
    return meth(obj, **kw)
  File "C:\Users\TEST\AppData\Roaming\Python\Python313\site-packages\sqlalchemy\sql\ddl.py", line 1087, in visit_metadata
    sort_tables_and_constraints(
    ~~~~~~~~~~~~~~~~~~~~~~~~~~~^
        unsorted_tables,
        ^^^^^^^^^^^^^^^^
    ...<5 lines>...
        ),
        ^^
    )
    ^
  File "C:\Users\TEST\AppData\Roaming\Python\Python313\site-packages\sqlalchemy\sql\ddl.py", line 1394, in sort_tables_and_constraints
    dependent_on = fkc.referred_table
                   ^^^^^^^^^^^^^^^^^^
  File "C:\Users\TEST\AppData\Roaming\Python\Python313\site-packages\sqlalchemy\sql\schema.py", line 4799, in referred_table
    return self.elements[0].column.table
           ^^^^^^^^^^^^^^^^^^^^^^^
  File "C:\Users\TEST\AppData\Roaming\Python\Python313\site-packages\sqlalchemy\util\langhelpers.py", line 1226, in __get__
    obj.__dict__[self.__name__] = result = self.fget(obj)
                                           ~~~~~~~~~^^^^^
  File "C:\Users\TEST\AppData\Roaming\Python\Python313\site-packages\sqlalchemy\sql\schema.py", line 3199, in column
    return self._resolve_column()
           ~~~~~~~~~~~~~~~~~~~~^^
  File "C:\Users\TEST\AppData\Roaming\Python\Python313\site-packages\sqlalchemy\sql\schema.py", line 3222, in _resolve_column
    raise exc.NoReferencedTableError(
    ...<5 lines>...
    )
sqlalchemy.exc.NoReferencedTableError: Foreign key associated with column 'student_profile.user_id' could not find table 'user' with which to generate a foreign key to target column 'id'
