Traceback (most recent call last):
  File "P:\EDU-PORTAL\tests\test_view_consistency.py", line 162, in <module>
    test_attendance_view_consistency(c)
    ~~~~~~~~~~~~~~~~~~~~~~~~~~~~~~~~^^^
  File "P:\EDU-PORTAL\tests\test_view_consistency.py", line 105, in test_attendance_view_consistency
    client.post('/auth/login', data={'email': 'view_test_stu@edu.com', 'password': '123'})
    ~~~~~~~~~~~^^^^^^^^^^^^^^^^^^^^^^^^^^^^^^^^^^^^^^^^^^^^^^^^^^^^^^^^^^^^^^^^^^^^^^^^^^^
  File "C:\Users\TEST\AppData\Roaming\Python\Python313\site-packages\werkzeug\test.py", line 1167, in post
    return self.open(*args, **kw)
           ~~~~~~~~~^^^^^^^^^^^^^
  File "C:\Users\TEST\AppData\Roaming\Python\Python313\site-packages\flask\testing.py", line 235, in open
    response = super().open(
        request,
        buffered=buffered,
        follow_redirects=follow_redirects,
    )
  File "C:\Users\TEST\AppData\Roaming\Python\Python313\site-packages\werkzeug\test.py", line 1116, in open
    response_parts = self.run_wsgi_app(request.environ, buffered=buffered)
  File "C:\Users\TEST\AppData\Roaming\Python\Python313\site-packages\werkzeug\test.py", line 988, in run_wsgi_app
    rv = run_wsgi_app(self.application, environ, buffered=buffered)
  File "C:\Users\TEST\AppData\Roaming\Python\Python313\site-packages\werkzeug\test.py", line 1264, in run_wsgi_app
    app_rv = app(environ, start_response)
  File "C:\Users\TEST\AppData\Roaming\Python\Python313\site-packages\flask\app.py", line 1536, in __call__
    return self.wsgi_app(environ, start_response)
           ~~~~~~~~~~~~~^^^^^^^^^^^^^^^^^^^^^^^^^
  File "C:\Users\TEST\AppData\Roaming\Python\Python313\site-packages\flask\app.py", line 1514, in wsgi_app
    response = self.handle_exception(e)
  File "C:\Users\TEST\AppData\Roaming\Python\Python313\site-packages\flask\app.py", line 1511, in wsgi_app
    response = self.full_dispatch_request()
  File "C:\Users\TEST\AppData\Roaming\Python\Python313\site-packages\flask\app.py", line 919, in full_dispatch_request
    rv = self.handle_user_exception(e)
  File "C:\Users\TEST\AppData\Roaming\Python\Python313\site-packages\flask\app.py", line 917, in full_dispatch_request
    rv = self.dispatch_request()
  File "C:\Users\TEST\AppData\Roaming\Python\Python313\site-packages\flask\app.py", line 902, in dispatch_request
    return self.ensure_sync(self.view_functions[rule.endpoint])(**view_args)  # type: ignore[no-any-return]
           ~~~~~~~~~~~~~~~~~~~~~~~~~~~~~~~~~~~~~~~~~~~~~~~~~~~~^^^^^^^^^^^^^
  File "P:\EDU-PORTAL\app\auth\routes.py", line 21, in login
    flash(f'Access Denied: Account exists but does not belong to the {role.capitalize()} domain.')
                                                                      ^^^^^^^^^^^^^^^
AttributeError: 'NoneType' object has no attribute 'capitalize'
